<?xml version="1.0" encoding="UTF-8"?>
<!-- Generated by org.testng.reporters.JUnitXMLReporter -->
<testsuite hostname="DELLDQRHWX1" name="Test" tests="2" failures="2" timestamp="27 Oct 2016 11:12:00 GMT" time="0.797" errors="0">
  <testcase name="@AfterMethod afterMethod" time="0.0" classname="ToolsQA.Online_shopping.Framework_001">
    <failure type="java.lang.NullPointerException">
      <![CDATA[java.lang.NullPointerException
	at ToolsQA.Online_shopping.Framework_001.afterMethod(Framework_001.java:132)
... Removed 27 stack frames]]>
    </failure>
  </testcase> <!-- @AfterMethod afterMethod -->
  <testcase name="@AfterMethod afterMethod" time="0.0" classname="ToolsQA.Online_shopping.Framework_002">
    <failure type="java.lang.NullPointerException">
      <![CDATA[java.lang.NullPointerException
	at ToolsQA.Online_shopping.Framework_002.afterMethod(Framework_002.java:66)
... Removed 27 stack frames]]>
    </failure>
  </testcase> <!-- @AfterMethod afterMethod -->
  <testcase name="main" time="0.093" classname="ToolsQA.Online_shopping.Framework_001">
    <failure type="java.lang.Exception">
      <![CDATA[java.lang.Exception
	at ToolsQA.Online_shopping.utility.Utils.takeScreenshot(Utils.java:87)
	at ToolsQA.Online_shopping.Framework_001.main(Framework_001.java:117)
... Removed 25 stack frames]]>
    </failure>
  </testcase> <!-- main -->
  <testcase name="f" time="0.031" classname="ToolsQA.Online_shopping.Framework_002">
    <failure type="java.lang.Exception">
      <![CDATA[java.lang.Exception
	at ToolsQA.Online_shopping.utility.Utils.takeScreenshot(Utils.java:87)
	at ToolsQA.Online_shopping.Framework_002.f(Framework_002.java:55)
... Removed 25 stack frames]]>
    </failure>
  </testcase> <!-- f -->
</testsuite> <!-- Test -->
